<?xml version="1.0" encoding="UTF-8"?>
<testng-results skipped="0" failed="0" total="1" passed="1">
  <reporter-output>
  </reporter-output>
  <suite name="Suite" duration-ms="11863" started-at="2018-01-20T19:42:09Z" finished-at="2018-01-20T19:42:21Z">
    <groups>
    </groups>
    <test name="Test" duration-ms="11863" started-at="2018-01-20T19:42:09Z" finished-at="2018-01-20T19:42:21Z">
      <class name="example.MainTest">
        <test-method status="PASS" signature="beforeTest()" name="beforeTest" is-config="true" duration-ms="6105" started-at="2018-01-20T19:42:09Z" finished-at="2018-01-20T19:42:16Z">
        </test-method>
        <test-method status="PASS" signature="f()" name="f" duration-ms="5656" started-at="2018-01-20T19:42:16Z" finished-at="2018-01-20T19:42:21Z">
        </test-method>
        <test-method status="PASS" signature="afterTest()" name="afterTest" is-config="true" duration-ms="98" started-at="2018-01-20T19:42:21Z" finished-at="2018-01-20T19:42:21Z">
        </test-method>
      </class>
    </test>
  </suite>
</testng-results>
