<?xml version="1.0" encoding="UTF-8"?>
<testng-results skipped="0" failed="0" total="1" passed="1">
  <reporter-output>
  </reporter-output>
  <suite name="Suite" duration-ms="19414" started-at="2018-01-23T11:27:14Z" finished-at="2018-01-23T11:27:33Z">
    <groups>
    </groups>
    <test name="Test" duration-ms="19414" started-at="2018-01-23T11:27:14Z" finished-at="2018-01-23T11:27:33Z">
      <class name="example.MainTest">
        <test-method status="PASS" signature="beforeTest()" name="beforeTest" is-config="true" duration-ms="10631" started-at="2018-01-23T11:27:14Z" finished-at="2018-01-23T11:27:24Z">
        </test-method>
        <test-method status="PASS" signature="f()" name="f" duration-ms="8681" started-at="2018-01-23T11:27:24Z" finished-at="2018-01-23T11:27:33Z">
        </test-method>
        <test-method status="PASS" signature="afterTest()" name="afterTest" is-config="true" duration-ms="97" started-at="2018-01-23T11:27:33Z" finished-at="2018-01-23T11:27:33Z">
        </test-method>
      </class>
    </test>
  </suite>
</testng-results>
