<?xml version="1.0" encoding="UTF-8"?>
<testng-results skipped="0" failed="0" total="1" passed="1">
  <reporter-output>
  </reporter-output>
  <suite name="Default suite" duration-ms="4655" started-at="2018-01-20T12:54:33Z" finished-at="2018-01-20T12:54:37Z">
    <groups>
    </groups>
    <test name="Default test" duration-ms="4655" started-at="2018-01-20T12:54:33Z" finished-at="2018-01-20T12:54:37Z">
      <class name="example.MainTest">
        <test-method status="PASS" signature="beforeTest()[pri:0, instance:example.MainTest@1fbc7afb]" name="beforeTest" is-config="true" duration-ms="3231" started-at="2018-01-20T18:24:33Z" finished-at="2018-01-20T18:24:36Z">
          <reporter-output>
          </reporter-output>
        </test-method> <!-- beforeTest -->
        <test-method status="PASS" signature="f()[pri:0, instance:example.MainTest@1fbc7afb]" name="f" duration-ms="1325" started-at="2018-01-20T18:24:36Z" finished-at="2018-01-20T18:24:37Z">
          <reporter-output>
          </reporter-output>
        </test-method> <!-- f -->
        <test-method status="PASS" signature="afterTest()[pri:0, instance:example.MainTest@1fbc7afb]" name="afterTest" is-config="true" duration-ms="90" started-at="2018-01-20T18:24:37Z" finished-at="2018-01-20T18:24:37Z">
          <reporter-output>
          </reporter-output>
        </test-method> <!-- afterTest -->
      </class> <!-- example.MainTest -->
    </test> <!-- Default test -->
  </suite> <!-- Default suite -->
</testng-results>
